<?xml version="1.0" encoding="UTF-8"?>
<!-- Generated by org.testng.reporters.JUnitReportReporter -->
<testsuite hostname="Zenaida" failures="0" tests="7" name="Test.TestScenarios_Edureka" time="27.893" errors="0" timestamp="2023-04-28T19:13:25 SGT" skipped="2">
  <testcase classname="Test.TestScenarios_Edureka" name="searchGoogle" time="6.215"/>
  <system-out/>
  <testcase classname="Test.TestScenarios_Edureka" name="validateHompage" time="0.005"/>
  <system-out/>
  <testcase classname="Test.TestScenarios_Edureka" name="loginEdureka" time="1.341"/>
  <system-out/>
  <testcase classname="Test.TestScenarios_Edureka" name="validateProfile" time="10.875"/>
  <system-out/>
  <testcase classname="Test.TestScenarios_Edureka" name="topicsOfInterest" time="9.457"/>
  <system-out/>
  <testcase classname="Test.TestScenarios_Edureka" name="clickSignUp">
    <skipped/>
  </testcase> <!-- clickSignUp -->
  <system-out/>
  <testcase classname="Test.TestScenarios_Edureka" name="enterDetails">
    <skipped/>
  </testcase> <!-- enterDetails -->
  <system-out/>
</testsuite> <!-- Test.TestScenarios_Edureka -->
